0 info it worked if it ends with ok
1 verbose cli [ '/usr/local/bin/node',
1 verbose cli   '/usr/local/bin/npm',
1 verbose cli   'install',
1 verbose cli   'moment' ]
2 info using npm@2.15.1
3 info using node@v4.4.3
4 verbose install initial load of /Users/jeremiahdeleon/Desktop/projects/nba-app/package.json
5 warn package.json react-skeleton@1.0.0 No description
6 warn package.json react-skeleton@1.0.0 No README data
7 verbose installManyTop reading scoped package data from /Users/jeremiahdeleon/Desktop/projects/nba-app/node_modules/babel-preset-react/package.json
8 verbose installManyTop reading scoped package data from /Users/jeremiahdeleon/Desktop/projects/nba-app/node_modules/babelify/package.json
9 verbose installManyTop reading scoped package data from /Users/jeremiahdeleon/Desktop/projects/nba-app/node_modules/react/package.json
10 verbose installManyTop reading scoped package data from /Users/jeremiahdeleon/Desktop/projects/nba-app/node_modules/react-datepicker/package.json
11 verbose installManyTop reading scoped package data from /Users/jeremiahdeleon/Desktop/projects/nba-app/node_modules/react-dom/package.json
12 verbose installManyTop reading scoped package data from /Users/jeremiahdeleon/Desktop/projects/nba-app/node_modules/watchify/package.json
13 verbose readDependencies loading dependencies from /Users/jeremiahdeleon/Desktop/projects/nba-app/package.json
14 silly cache add args [ 'moment', null ]
15 verbose cache add spec moment
16 silly cache add parsed spec Result {
16 silly cache add   raw: 'moment',
16 silly cache add   scope: null,
16 silly cache add   name: 'moment',
16 silly cache add   rawSpec: '',
16 silly cache add   spec: 'latest',
16 silly cache add   type: 'tag' }
17 silly addNamed moment@latest
18 verbose addNamed "latest" is being treated as a dist-tag for moment
19 info addNameTag [ 'moment', 'latest' ]
20 silly mapToRegistry name moment
21 silly mapToRegistry using default registry
22 silly mapToRegistry registry https://registry.npmjs.org/
23 silly mapToRegistry data Result {
23 silly mapToRegistry   raw: 'moment',
23 silly mapToRegistry   scope: null,
23 silly mapToRegistry   name: 'moment',
23 silly mapToRegistry   rawSpec: '',
23 silly mapToRegistry   spec: 'latest',
23 silly mapToRegistry   type: 'tag' }
24 silly mapToRegistry uri https://registry.npmjs.org/moment
25 verbose addNameTag registry:https://registry.npmjs.org/moment not in flight; fetching
26 verbose request uri https://registry.npmjs.org/moment
27 verbose request no auth needed
28 info attempt registry request try #1 at 10:44:01 PM
29 verbose request id 5b17081e10ae6496
30 verbose etag "99SHVAWUGUYLGPV46KKJDVMHU"
31 http request GET https://registry.npmjs.org/moment
32 http 304 https://registry.npmjs.org/moment
33 verbose headers { date: 'Wed, 27 Apr 2016 05:44:00 GMT',
33 verbose headers   via: '1.1 varnish',
33 verbose headers   'cache-control': 'max-age=300',
33 verbose headers   etag: '"99SHVAWUGUYLGPV46KKJDVMHU"',
33 verbose headers   age: '238',
33 verbose headers   connection: 'keep-alive',
33 verbose headers   'x-served-by': 'cache-sjc3125-SJC',
33 verbose headers   'x-cache': 'HIT',
33 verbose headers   'x-cache-hits': '1',
33 verbose headers   'x-timer': 'S1461735840.815689,VS0,VE0',
33 verbose headers   vary: 'Accept-Encoding' }
34 silly get cb [ 304,
34 silly get   { date: 'Wed, 27 Apr 2016 05:44:00 GMT',
34 silly get     via: '1.1 varnish',
34 silly get     'cache-control': 'max-age=300',
34 silly get     etag: '"99SHVAWUGUYLGPV46KKJDVMHU"',
34 silly get     age: '238',
34 silly get     connection: 'keep-alive',
34 silly get     'x-served-by': 'cache-sjc3125-SJC',
34 silly get     'x-cache': 'HIT',
34 silly get     'x-cache-hits': '1',
34 silly get     'x-timer': 'S1461735840.815689,VS0,VE0',
34 silly get     vary: 'Accept-Encoding' } ]
35 verbose etag https://registry.npmjs.org/moment from cache
36 verbose get saving moment to /Users/jeremiahdeleon/.npm/registry.npmjs.org/moment/.cache.json
37 verbose correctMkdir /Users/jeremiahdeleon/.npm correctMkdir not in flight; initializing
38 silly addNameTag next cb for moment with tag latest
39 silly addNamed moment@2.13.0
40 verbose addNamed "2.13.0" is a plain semver version for moment
41 silly cache afterAdd moment@2.13.0
42 verbose afterAdd /Users/jeremiahdeleon/.npm/moment/2.13.0/package/package.json not in flight; writing
43 verbose correctMkdir /Users/jeremiahdeleon/.npm correctMkdir not in flight; initializing
44 verbose afterAdd /Users/jeremiahdeleon/.npm/moment/2.13.0/package/package.json written
45 silly install resolved [ { name: 'moment',
45 silly install resolved     version: '2.13.0',
45 silly install resolved     description: 'Parse, validate, manipulate, and display dates',
45 silly install resolved     homepage: 'http://momentjs.com',
45 silly install resolved     author:
45 silly install resolved      { name: 'Iskren Ivov Chernev',
45 silly install resolved        email: 'iskren.chernev@gmail.com',
45 silly install resolved        url: 'https://github.com/ichernev' },
45 silly install resolved     contributors: [ [Object], [Object], [Object], [Object], [Object] ],
45 silly install resolved     keywords:
45 silly install resolved      [ 'moment',
45 silly install resolved        'date',
45 silly install resolved        'time',
45 silly install resolved        'parse',
45 silly install resolved        'format',
45 silly install resolved        'validate',
45 silly install resolved        'i18n',
45 silly install resolved        'l10n',
45 silly install resolved        'ender' ],
45 silly install resolved     main: './moment.js',
45 silly install resolved     typings: './moment.d.ts',
45 silly install resolved     engines: { node: '*' },
45 silly install resolved     repository: { type: 'git', url: 'git+https://github.com/moment/moment.git' },
45 silly install resolved     bugs: { url: 'https://github.com/moment/moment/issues' },
45 silly install resolved     license: 'MIT',
45 silly install resolved     devDependencies:
45 silly install resolved      { 'uglify-js': 'latest',
45 silly install resolved        'es6-promise': 'latest',
45 silly install resolved        grunt: '~0.4',
45 silly install resolved        'grunt-cli': 'latest',
45 silly install resolved        benchmark: 'latest',
45 silly install resolved        esperanto: 'latest',
45 silly install resolved        'grunt-contrib-clean': 'latest',
45 silly install resolved        'grunt-contrib-concat': 'latest',
45 silly install resolved        'grunt-contrib-copy': 'latest',
45 silly install resolved        'grunt-contrib-jshint': 'latest',
45 silly install resolved        'grunt-contrib-uglify': 'latest',
45 silly install resolved        'grunt-contrib-watch': 'latest',
45 silly install resolved        'grunt-env': 'latest',
45 silly install resolved        'grunt-jscs': 'latest',
45 silly install resolved        'grunt-karma': 'latest',
45 silly install resolved        'grunt-nuget': 'latest',
45 silly install resolved        'grunt-benchmark': 'latest',
45 silly install resolved        'grunt-string-replace': 'latest',
45 silly install resolved        'grunt-exec': 'latest',
45 silly install resolved        'load-grunt-tasks': 'latest',
45 silly install resolved        karma: 'latest',
45 silly install resolved        'karma-chrome-launcher': 'latest',
45 silly install resolved        'karma-firefox-launcher': 'latest',
45 silly install resolved        'karma-qunit': 'latest',
45 silly install resolved        'karma-sauce-launcher': 'latest',
45 silly install resolved        qunit: '^0.7.5',
45 silly install resolved        'qunit-cli': '^0.1.4',
45 silly install resolved        spacejam: 'latest',
45 silly install resolved        coveralls: '^2.11.2',
45 silly install resolved        nyc: '^2.1.4' },
45 silly install resolved     ender: './ender.js',
45 silly install resolved     dojoBuild: 'package.js',
45 silly install resolved     jspm: { files: [Object], map: [Object], buildConfig: [Object] },
45 silly install resolved     scripts:
45 silly install resolved      { test: 'grunt test',
45 silly install resolved        coverage: 'nyc npm test && nyc report',
45 silly install resolved        coveralls: 'nyc npm test && nyc report --reporter=text-lcov | coveralls' },
45 silly install resolved     spm: { main: 'moment.js', output: [Object] },
45 silly install resolved     _id: 'moment@2.13.0',
45 silly install resolved     dist:
45 silly install resolved      { shasum: '24162d99521e6d40f99ae6939e806d2139eaac52',
45 silly install resolved        tarball: 'https://registry.npmjs.org/moment/-/moment-2.13.0.tgz' },
45 silly install resolved     _from: 'moment@latest',
45 silly install resolved     _npmVersion: '1.4.6',
45 silly install resolved     _npmUser: { name: 'ichernev', email: 'iskren.chernev@gmail.com' },
45 silly install resolved     maintainers: [ [Object], [Object] ],
45 silly install resolved     _npmOperationalInternal:
45 silly install resolved      { host: 'packages-16-east.internal.npmjs.com',
45 silly install resolved        tmp: 'tmp/moment-2.13.0.tgz_1460965287679_0.1848272318020463' },
45 silly install resolved     directories: {},
45 silly install resolved     _shasum: '24162d99521e6d40f99ae6939e806d2139eaac52',
45 silly install resolved     _resolved: 'https://registry.npmjs.org/moment/-/moment-2.13.0.tgz',
45 silly install resolved     readme: 'ERROR: No README data found!' } ]
46 info install moment@2.13.0 into /Users/jeremiahdeleon/Desktop/projects/nba-app
47 info installOne moment@2.13.0
48 verbose installOne of moment to /Users/jeremiahdeleon/Desktop/projects/nba-app not in flight; installing
49 verbose correctMkdir /Users/jeremiahdeleon/.npm/_locks correctMkdir not in flight; initializing
50 verbose lock using /Users/jeremiahdeleon/.npm/_locks/moment-e353869ceb9b97ab.lock for /Users/jeremiahdeleon/Desktop/projects/nba-app/node_modules/moment
51 silly install write writing moment 2.13.0 to /Users/jeremiahdeleon/Desktop/projects/nba-app/node_modules/moment
52 verbose unbuild node_modules/moment
53 silly gentlyRm /Users/jeremiahdeleon/Desktop/projects/nba-app/node_modules/moment is being purged from base /Users/jeremiahdeleon/Desktop/projects/nba-app
54 verbose gentlyRm don't care about contents; nuking /Users/jeremiahdeleon/Desktop/projects/nba-app/node_modules/moment
55 verbose tar unpack /Users/jeremiahdeleon/.npm/moment/2.13.0/package.tgz
56 verbose tar unpacking to /Users/jeremiahdeleon/Desktop/projects/nba-app/node_modules/moment
57 silly gentlyRm /Users/jeremiahdeleon/Desktop/projects/nba-app/node_modules/moment is being purged
58 verbose gentlyRm don't care about contents; nuking /Users/jeremiahdeleon/Desktop/projects/nba-app/node_modules/moment
59 silly gunzTarPerm modes [ '755', '644' ]
60 silly gunzTarPerm extractEntry package.json
61 silly gunzTarPerm extractEntry .npmignore
62 silly gunzTarPerm extractEntry README.md
63 silly gunzTarPerm extractEntry LICENSE
64 silly gunzTarPerm extractEntry ender.js
65 silly gunzTarPerm extractEntry moment.js
66 silly gunzTarPerm extractEntry package.js
67 silly gunzTarPerm extractEntry moment.d.ts
68 silly gunzTarPerm extractEntry src/moment.js
69 silly gunzTarPerm extractEntry src/lib/create/check-overflow.js
70 silly gunzTarPerm extractEntry src/lib/create/from-anything.js
71 silly gunzTarPerm extractEntry src/lib/create/from-array.js
72 silly gunzTarPerm extractEntry src/lib/create/from-object.js
73 silly gunzTarPerm extractEntry src/lib/create/from-string-and-array.js
74 silly gunzTarPerm extractEntry src/lib/create/date-from-array.js
75 silly gunzTarPerm extractEntry src/lib/create/from-string.js
76 silly gunzTarPerm extractEntry src/lib/create/local.js
77 silly gunzTarPerm extractEntry src/lib/create/parsing-flags.js
78 silly gunzTarPerm extractEntry src/lib/create/utc.js
79 silly gunzTarPerm extractEntry src/lib/create/valid.js
80 silly gunzTarPerm extractEntry src/lib/create/from-string-and-format.js
81 silly gunzTarPerm extractEntry src/lib/duration/abs.js
82 silly gunzTarPerm extractEntry src/lib/duration/as.js
83 silly gunzTarPerm extractEntry src/lib/duration/bubble.js
84 silly gunzTarPerm extractEntry src/lib/duration/constructor.js
85 silly gunzTarPerm extractEntry src/lib/duration/add-subtract.js
86 silly gunzTarPerm extractEntry src/lib/duration/duration.js
87 silly gunzTarPerm extractEntry src/lib/duration/get.js
88 silly gunzTarPerm extractEntry src/lib/duration/humanize.js
89 silly gunzTarPerm extractEntry src/lib/duration/iso-string.js
90 silly gunzTarPerm extractEntry src/lib/duration/prototype.js
91 silly gunzTarPerm extractEntry src/lib/duration/create.js
92 silly gunzTarPerm extractEntry src/lib/format/format.js
93 silly gunzTarPerm extractEntry src/lib/locale/calendar.js
94 silly gunzTarPerm extractEntry src/lib/locale/formats.js
95 silly gunzTarPerm extractEntry src/lib/locale/invalid.js
96 silly gunzTarPerm extractEntry src/lib/locale/lists.js
97 silly gunzTarPerm extractEntry src/lib/locale/en.js
98 silly gunzTarPerm extractEntry src/lib/locale/locales.js
99 silly gunzTarPerm extractEntry src/lib/locale/ordinal.js
100 silly gunzTarPerm extractEntry src/lib/locale/pre-post-format.js
101 silly gunzTarPerm extractEntry src/lib/locale/prototype.js
102 silly gunzTarPerm extractEntry src/lib/locale/relative.js
103 silly gunzTarPerm extractEntry src/lib/locale/constructor.js
104 silly gunzTarPerm extractEntry src/lib/locale/set.js
105 silly gunzTarPerm extractEntry src/lib/locale/locale.js
106 silly gunzTarPerm extractEntry src/lib/moment/add-subtract.js
107 silly gunzTarPerm extractEntry src/lib/moment/diff.js
108 silly gunzTarPerm extractEntry src/lib/moment/format.js
109 silly gunzTarPerm extractEntry src/lib/moment/from.js
110 silly gunzTarPerm extractEntry src/lib/moment/creation-data.js
111 silly gunzTarPerm extractEntry src/lib/moment/locale.js
112 silly gunzTarPerm extractEntry src/lib/moment/min-max.js
113 silly gunzTarPerm extractEntry src/lib/moment/moment.js
114 silly gunzTarPerm extractEntry src/lib/moment/now.js
115 silly gunzTarPerm extractEntry src/lib/moment/prototype.js
116 silly gunzTarPerm extractEntry src/lib/moment/constructor.js
117 silly gunzTarPerm extractEntry src/lib/moment/start-end-of.js
118 silly gunzTarPerm extractEntry src/lib/moment/compare.js
119 silly gunzTarPerm extractEntry src/lib/moment/to-type.js
120 silly gunzTarPerm extractEntry src/lib/moment/clone.js
121 silly gunzTarPerm extractEntry src/lib/moment/to.js
122 silly gunzTarPerm extractEntry src/lib/moment/calendar.js
123 silly gunzTarPerm extractEntry src/lib/moment/valid.js
124 silly gunzTarPerm extractEntry src/lib/moment/get-set.js
125 silly gunzTarPerm extractEntry src/lib/parse/regex.js
126 silly gunzTarPerm extractEntry src/lib/parse/token.js
127 silly gunzTarPerm extractEntry src/lib/units/aliases.js
128 silly gunzTarPerm extractEntry src/lib/units/millisecond.js
129 silly gunzTarPerm extractEntry src/lib/units/minute.js
130 silly gunzTarPerm extractEntry src/lib/units/month.js
131 silly gunzTarPerm extractEntry src/lib/units/hour.js
132 silly gunzTarPerm extractEntry src/lib/units/quarter.js
133 silly gunzTarPerm extractEntry src/lib/units/second.js
134 silly gunzTarPerm extractEntry src/lib/units/timestamp.js
135 silly gunzTarPerm extractEntry src/lib/units/timezone.js
136 silly gunzTarPerm extractEntry src/lib/units/units.js
137 silly gunzTarPerm extractEntry src/lib/units/day-of-year.js
138 silly gunzTarPerm extractEntry src/lib/units/week-calendar-utils.js
139 silly gunzTarPerm extractEntry src/lib/units/day-of-week.js
140 silly gunzTarPerm extractEntry src/lib/units/week-year.js
141 silly gunzTarPerm extractEntry src/lib/units/day-of-month.js
142 silly gunzTarPerm extractEntry src/lib/units/week.js
143 silly gunzTarPerm extractEntry src/lib/units/constants.js
144 silly gunzTarPerm extractEntry src/lib/units/year.js
145 silly gunzTarPerm extractEntry src/lib/units/offset.js
146 silly gunzTarPerm extractEntry src/lib/utils/abs-ceil.js
147 silly gunzTarPerm extractEntry src/lib/utils/extend.js
148 silly gunzTarPerm extractEntry src/lib/utils/has-own-prop.js
149 silly gunzTarPerm extractEntry src/lib/utils/hooks.js
150 silly gunzTarPerm extractEntry src/lib/utils/index-of.js
151 silly gunzTarPerm extractEntry src/lib/utils/deprecate.js
152 silly gunzTarPerm extractEntry src/lib/utils/is-date.js
153 silly gunzTarPerm extractEntry src/lib/utils/is-function.js
154 silly gunzTarPerm extractEntry src/lib/utils/is-object.js
155 silly gunzTarPerm extractEntry src/lib/utils/is-undefined.js
156 silly gunzTarPerm extractEntry src/lib/utils/keys.js
157 silly gunzTarPerm extractEntry src/lib/utils/defaults.js
158 silly gunzTarPerm extractEntry src/lib/utils/map.js
159 silly gunzTarPerm extractEntry src/lib/utils/compare-arrays.js
160 silly gunzTarPerm extractEntry src/lib/utils/some.js
161 silly gunzTarPerm extractEntry src/lib/utils/abs-round.js
162 silly gunzTarPerm extractEntry src/lib/utils/to-int.js
163 silly gunzTarPerm extractEntry src/lib/utils/abs-floor.js
164 silly gunzTarPerm extractEntry src/lib/utils/zero-fill.js
165 silly gunzTarPerm extractEntry src/lib/utils/is-array.js
166 silly gunzTarPerm extractEntry src/locale/af.js
167 silly gunzTarPerm extractEntry src/locale/it.js
168 silly gunzTarPerm extractEntry src/locale/ja.js
169 silly gunzTarPerm extractEntry src/locale/jv.js
170 silly gunzTarPerm extractEntry src/locale/ka.js
171 silly gunzTarPerm extractEntry src/locale/is.js
172 silly gunzTarPerm extractEntry src/locale/km.js
173 silly gunzTarPerm extractEntry src/locale/ko.js
174 silly gunzTarPerm extractEntry src/locale/ky.js
175 silly gunzTarPerm extractEntry src/locale/lb.js
176 silly gunzTarPerm extractEntry src/locale/lo.js
177 silly gunzTarPerm extractEntry src/locale/id.js
178 silly gunzTarPerm extractEntry src/locale/lt.js
179 silly gunzTarPerm extractEntry src/locale/hy-am.js
180 silly gunzTarPerm extractEntry src/locale/lv.js
181 silly gunzTarPerm extractEntry src/locale/hu.js
182 silly gunzTarPerm extractEntry src/locale/me.js
183 silly gunzTarPerm extractEntry src/locale/hr.js
184 silly gunzTarPerm extractEntry src/locale/mk.js
185 silly gunzTarPerm extractEntry src/locale/hi.js
186 silly gunzTarPerm extractEntry src/locale/ml.js
187 silly gunzTarPerm extractEntry src/locale/he.js
188 silly gunzTarPerm extractEntry src/locale/mr.js
189 silly gunzTarPerm extractEntry src/locale/gl.js
190 silly gunzTarPerm extractEntry src/locale/ms-my.js
191 silly gunzTarPerm extractEntry src/locale/gd.js
192 silly gunzTarPerm extractEntry src/locale/ms.js
193 silly gunzTarPerm extractEntry src/locale/fy.js
194 silly gunzTarPerm extractEntry src/locale/my.js
195 silly gunzTarPerm extractEntry src/locale/fr.js
196 silly gunzTarPerm extractEntry src/locale/nb.js
197 silly gunzTarPerm extractEntry src/locale/fr-ch.js
198 silly gunzTarPerm extractEntry src/locale/ne.js
199 silly gunzTarPerm extractEntry src/locale/fr-ca.js
200 silly gunzTarPerm extractEntry src/locale/nl.js
201 silly gunzTarPerm extractEntry src/locale/fo.js
202 silly gunzTarPerm extractEntry src/locale/nn.js
203 silly gunzTarPerm extractEntry src/locale/fi.js
204 silly gunzTarPerm extractEntry src/locale/pa-in.js
205 silly gunzTarPerm extractEntry src/locale/fa.js
206 silly gunzTarPerm extractEntry src/locale/pl.js
207 silly gunzTarPerm extractEntry src/locale/eu.js
208 silly gunzTarPerm extractEntry src/locale/pt-br.js
209 silly gunzTarPerm extractEntry src/locale/et.js
210 silly gunzTarPerm extractEntry src/locale/pt.js
211 silly gunzTarPerm extractEntry src/locale/es.js
212 silly gunzTarPerm extractEntry src/locale/ro.js
213 silly gunzTarPerm extractEntry src/locale/eo.js
214 silly gunzTarPerm extractEntry src/locale/ru.js
215 silly gunzTarPerm extractEntry src/locale/en-nz.js
216 silly gunzTarPerm extractEntry src/locale/se.js
217 silly gunzTarPerm extractEntry src/locale/en-ie.js
218 silly gunzTarPerm extractEntry src/locale/si.js
219 silly gunzTarPerm extractEntry src/locale/en-gb.js
220 silly gunzTarPerm extractEntry src/locale/sk.js
221 silly gunzTarPerm extractEntry src/locale/en-ca.js
222 silly gunzTarPerm extractEntry src/locale/sl.js
223 silly gunzTarPerm extractEntry src/locale/en-au.js
224 silly gunzTarPerm extractEntry src/locale/sq.js
225 silly gunzTarPerm extractEntry src/locale/el.js
226 silly gunzTarPerm extractEntry src/locale/sr-cyrl.js
227 silly gunzTarPerm extractEntry src/locale/dv.js
228 silly gunzTarPerm extractEntry src/locale/sr.js
229 silly gunzTarPerm extractEntry src/locale/de.js
230 silly gunzTarPerm extractEntry src/locale/ss.js
231 silly gunzTarPerm extractEntry src/locale/de-at.js
232 silly gunzTarPerm extractEntry src/locale/sv.js
233 silly gunzTarPerm extractEntry src/locale/da.js
234 silly gunzTarPerm extractEntry src/locale/sw.js
235 silly gunzTarPerm extractEntry src/locale/cy.js
236 silly gunzTarPerm extractEntry src/locale/ta.js
237 silly gunzTarPerm extractEntry src/locale/cv.js
238 silly gunzTarPerm extractEntry src/locale/te.js
239 silly gunzTarPerm extractEntry src/locale/cs.js
240 silly gunzTarPerm extractEntry src/locale/th.js
241 silly gunzTarPerm extractEntry src/locale/ca.js
242 silly gunzTarPerm extractEntry src/locale/tl-ph.js
243 silly gunzTarPerm extractEntry src/locale/bs.js
244 silly gunzTarPerm extractEntry src/locale/tlh.js
245 silly gunzTarPerm extractEntry src/locale/br.js
246 silly gunzTarPerm extractEntry src/locale/tr.js
247 silly gunzTarPerm extractEntry src/locale/bo.js
248 silly gunzTarPerm extractEntry src/locale/tzl.js
249 silly gunzTarPerm extractEntry src/locale/bn.js
250 silly gunzTarPerm extractEntry src/locale/tzm-latn.js
251 silly gunzTarPerm extractEntry src/locale/bg.js
252 silly gunzTarPerm extractEntry src/locale/tzm.js
253 silly gunzTarPerm extractEntry src/locale/be.js
254 silly gunzTarPerm extractEntry src/locale/uk.js
255 silly gunzTarPerm extractEntry src/locale/az.js
256 silly gunzTarPerm extractEntry src/locale/uz.js
257 silly gunzTarPerm extractEntry src/locale/ar.js
258 silly gunzTarPerm extractEntry src/locale/vi.js
259 silly gunzTarPerm extractEntry src/locale/ar-tn.js
260 silly gunzTarPerm extractEntry src/locale/x-pseudo.js
261 silly gunzTarPerm extractEntry src/locale/ar-sa.js
262 silly gunzTarPerm extractEntry src/locale/zh-cn.js
263 silly gunzTarPerm extractEntry src/locale/ar-ma.js
264 silly gunzTarPerm extractEntry src/locale/zh-tw.js
265 silly gunzTarPerm extractEntry src/locale/kk.js
266 silly gunzTarPerm extractEntry locale/af.js
267 silly gunzTarPerm extractEntry locale/it.js
268 silly gunzTarPerm extractEntry locale/ja.js
269 silly gunzTarPerm extractEntry locale/jv.js
270 silly gunzTarPerm extractEntry locale/ka.js
271 silly gunzTarPerm extractEntry locale/is.js
272 silly gunzTarPerm extractEntry locale/km.js
273 silly gunzTarPerm extractEntry locale/ko.js
274 silly gunzTarPerm extractEntry locale/ky.js
275 silly gunzTarPerm extractEntry locale/lb.js
276 silly gunzTarPerm extractEntry locale/lo.js
277 silly gunzTarPerm extractEntry locale/id.js
278 silly gunzTarPerm extractEntry locale/lt.js
279 silly gunzTarPerm extractEntry locale/hy-am.js
280 silly gunzTarPerm extractEntry locale/lv.js
281 silly gunzTarPerm extractEntry locale/hu.js
282 silly gunzTarPerm extractEntry locale/me.js
283 silly gunzTarPerm extractEntry locale/hr.js
284 silly gunzTarPerm extractEntry locale/mk.js
285 silly gunzTarPerm extractEntry locale/hi.js
286 silly gunzTarPerm extractEntry locale/ml.js
287 silly gunzTarPerm extractEntry locale/he.js
288 silly gunzTarPerm extractEntry locale/mr.js
289 silly gunzTarPerm extractEntry locale/gl.js
290 silly gunzTarPerm extractEntry locale/ms-my.js
291 silly gunzTarPerm extractEntry locale/gd.js
292 silly gunzTarPerm extractEntry locale/ms.js
293 silly gunzTarPerm extractEntry locale/fy.js
294 silly gunzTarPerm extractEntry locale/my.js
295 silly gunzTarPerm extractEntry locale/fr.js
296 silly gunzTarPerm extractEntry locale/nb.js
297 silly gunzTarPerm extractEntry locale/fr-ch.js
298 silly gunzTarPerm extractEntry locale/ne.js
299 silly gunzTarPerm extractEntry locale/fr-ca.js
300 silly gunzTarPerm extractEntry locale/nl.js
301 silly gunzTarPerm extractEntry locale/fo.js
302 silly gunzTarPerm extractEntry locale/nn.js
303 silly gunzTarPerm extractEntry locale/fi.js
304 silly gunzTarPerm extractEntry locale/pa-in.js
305 silly gunzTarPerm extractEntry locale/fa.js
306 silly gunzTarPerm extractEntry locale/pl.js
307 silly gunzTarPerm extractEntry locale/eu.js
308 silly gunzTarPerm extractEntry locale/pt-br.js
309 silly gunzTarPerm extractEntry locale/et.js
310 silly gunzTarPerm extractEntry locale/pt.js
311 silly gunzTarPerm extractEntry locale/es.js
312 silly gunzTarPerm extractEntry locale/ro.js
313 silly gunzTarPerm extractEntry locale/eo.js
314 silly gunzTarPerm extractEntry locale/ru.js
315 silly gunzTarPerm extractEntry locale/en-nz.js
316 silly gunzTarPerm extractEntry locale/se.js
317 silly gunzTarPerm extractEntry locale/en-ie.js
318 silly gunzTarPerm extractEntry locale/si.js
319 silly gunzTarPerm extractEntry locale/en-gb.js
320 silly gunzTarPerm extractEntry locale/sk.js
321 silly gunzTarPerm extractEntry locale/en-ca.js
322 silly gunzTarPerm extractEntry locale/sl.js
323 silly gunzTarPerm extractEntry locale/en-au.js
324 silly gunzTarPerm extractEntry locale/sq.js
325 silly gunzTarPerm extractEntry locale/el.js
326 silly gunzTarPerm extractEntry locale/sr-cyrl.js
327 silly gunzTarPerm extractEntry locale/dv.js
328 silly gunzTarPerm extractEntry locale/sr.js
329 silly gunzTarPerm extractEntry locale/de.js
330 silly gunzTarPerm extractEntry locale/ss.js
331 silly gunzTarPerm extractEntry locale/de-at.js
332 silly gunzTarPerm extractEntry locale/sv.js
333 silly gunzTarPerm extractEntry locale/da.js
334 silly gunzTarPerm extractEntry locale/sw.js
335 silly gunzTarPerm extractEntry locale/cy.js
336 silly gunzTarPerm extractEntry locale/ta.js
337 silly gunzTarPerm extractEntry locale/cv.js
338 silly gunzTarPerm extractEntry locale/te.js
339 silly gunzTarPerm extractEntry locale/cs.js
340 silly gunzTarPerm extractEntry locale/th.js
341 silly gunzTarPerm extractEntry locale/ca.js
342 silly gunzTarPerm extractEntry locale/tl-ph.js
343 silly gunzTarPerm extractEntry locale/bs.js
344 silly gunzTarPerm extractEntry locale/tlh.js
345 silly gunzTarPerm extractEntry locale/br.js
346 silly gunzTarPerm extractEntry locale/tr.js
347 silly gunzTarPerm extractEntry locale/bo.js
348 silly gunzTarPerm extractEntry locale/tzl.js
349 silly gunzTarPerm extractEntry locale/bn.js
350 silly gunzTarPerm extractEntry locale/tzm-latn.js
351 silly gunzTarPerm extractEntry locale/bg.js
352 silly gunzTarPerm extractEntry locale/tzm.js
353 silly gunzTarPerm extractEntry locale/be.js
354 silly gunzTarPerm extractEntry locale/uk.js
355 silly gunzTarPerm extractEntry locale/az.js
356 silly gunzTarPerm extractEntry locale/uz.js
357 silly gunzTarPerm extractEntry locale/ar.js
358 silly gunzTarPerm extractEntry locale/vi.js
359 silly gunzTarPerm extractEntry locale/ar-tn.js
360 silly gunzTarPerm extractEntry locale/x-pseudo.js
361 silly gunzTarPerm extractEntry locale/ar-sa.js
362 silly gunzTarPerm extractEntry locale/zh-cn.js
363 silly gunzTarPerm extractEntry locale/ar-ma.js
364 silly gunzTarPerm extractEntry locale/zh-tw.js
365 silly gunzTarPerm extractEntry locale/kk.js
366 silly gunzTarPerm extractEntry CHANGELOG.md
367 silly gunzTarPerm extractEntry min/locales.js
368 silly gunzTarPerm extractEntry min/locales.min.js
369 silly gunzTarPerm extractEntry min/moment-with-locales.js
370 silly gunzTarPerm extractEntry min/moment-with-locales.min.js
371 silly gunzTarPerm extractEntry min/moment.min.js
372 verbose write writing to /Users/jeremiahdeleon/Desktop/projects/nba-app/node_modules/moment/package.json
373 info preinstall moment@2.13.0
374 verbose readDependencies loading dependencies from /Users/jeremiahdeleon/Desktop/projects/nba-app/node_modules/moment/package.json
375 verbose readDependencies loading dependencies from /Users/jeremiahdeleon/Desktop/projects/nba-app/node_modules/moment/package.json
376 silly install resolved []
377 verbose about to build /Users/jeremiahdeleon/Desktop/projects/nba-app/node_modules/moment
378 info build /Users/jeremiahdeleon/Desktop/projects/nba-app/node_modules/moment
379 info linkStuff moment@2.13.0
380 silly linkStuff moment@2.13.0 has /Users/jeremiahdeleon/Desktop/projects/nba-app/node_modules as its parent node_modules
381 verbose linkBins moment@2.13.0
382 verbose linkMans moment@2.13.0
383 verbose rebuildBundles moment@2.13.0
384 info install moment@2.13.0
385 info postinstall moment@2.13.0
386 verbose unlock done using /Users/jeremiahdeleon/.npm/_locks/moment-e353869ceb9b97ab.lock for /Users/jeremiahdeleon/Desktop/projects/nba-app/node_modules/moment
387 verbose validateInstall loading /Users/jeremiahdeleon/Desktop/projects/nba-app/package.json for validation
388 verbose stack Error: The package react@15.0.1 does not satisfy its siblings' peerDependencies requirements!
388 verbose stack     at /usr/local/lib/node_modules/npm/lib/install.js:125:32
388 verbose stack     at /usr/local/lib/node_modules/npm/lib/install.js:268:7
388 verbose stack     at /usr/local/lib/node_modules/npm/node_modules/read-installed/read-installed.js:142:5
388 verbose stack     at /usr/local/lib/node_modules/npm/node_modules/read-installed/read-installed.js:263:14
388 verbose stack     at cb (/usr/local/lib/node_modules/npm/node_modules/slide/lib/async-map.js:47:24)
388 verbose stack     at /usr/local/lib/node_modules/npm/node_modules/read-installed/read-installed.js:263:14
388 verbose stack     at cb (/usr/local/lib/node_modules/npm/node_modules/slide/lib/async-map.js:47:24)
388 verbose stack     at /usr/local/lib/node_modules/npm/node_modules/read-installed/read-installed.js:263:14
388 verbose stack     at cb (/usr/local/lib/node_modules/npm/node_modules/slide/lib/async-map.js:47:24)
388 verbose stack     at /usr/local/lib/node_modules/npm/node_modules/read-installed/read-installed.js:263:14
389 verbose cwd /Users/jeremiahdeleon/Desktop/projects/nba-app
390 error Darwin 15.4.0
391 error argv "/usr/local/bin/node" "/usr/local/bin/npm" "install" "moment"
392 error node v4.4.3
393 error npm  v2.15.1
394 error code EPEERINVALID
395 error peerinvalid The package react@15.0.1 does not satisfy its siblings' peerDependencies requirements!
395 error peerinvalid Peer react-dom@15.0.1 wants react@^15.0.1
395 error peerinvalid Peer react-datepicker@0.25.0 wants react@^0.14.0
396 verbose exit [ 1, true ]
